<?xml version="1.0" encoding="UTF-8"?>
<!-- Generated by org.testng.reporters.JUnitReportReporter -->
<testsuite skipped="0" hostname="DESKTOP-1I2EA29" name="abc.testng.A3" tests="1" failures="0" timestamp="25 May 2019 17:41:45 GMT" time="0.000" errors="0">
  <testcase name="threeTest" time="0.000" classname="abc.testng.A3"/>
</testsuite> <!-- abc.testng.A3 -->
