<?xml version="1.0" encoding="UTF-8"?>
<!-- Generated by org.testng.reporters.JUnitReportReporter -->
<testsuite skipped="1" hostname="DESKTOP-1I2EA29" name="abc.testng.A4" tests="1" failures="0" timestamp="25 May 2019 17:41:45 GMT" time="0.000" errors="0">
  <testcase name="fourTest" time="0.000" classname="abc.testng.A4">
    <skipped/>
  </testcase> <!-- fourTest -->
</testsuite> <!-- abc.testng.A4 -->
