<?xml version="1.0" encoding="UTF-8"?>
<!-- Generated by org.testng.reporters.JUnitReportReporter -->
<testsuite hostname="DESKTOP-1I2EA29" name="abc.testng.A2" tests="1" failures="0" timestamp="25 May 2019 17:34:32 GMT" time="0.016" errors="0">
  <testcase name="twoTest" time="0.016" classname="abc.testng.A2"/>
</testsuite> <!-- abc.testng.A2 -->
